2023-03-28 12:29:18,217-__main__-9-INFO-The Medtek HR is Started
2023-03-28 12:30:12,619-__main__-9-INFO-The Medtek HR is Started
2023-03-28 12:34:51,611-__main__-26-INFO-The Medtek HR is Started
2023-03-28 12:34:53,716-__main__-26-INFO-The Medtek HR is Started
2023-03-28 12:35:10,819-__main__-120-INFO-djjjdhjdjk<<<<< Inside Predict HR API POST>>>>>>>>
2023-03-28 12:36:32,697-__main__-26-INFO-The Medtek HR is Started
2023-03-28 12:36:47,693-__main__-26-INFO-The Medtek HR is Started
2023-03-28 12:36:49,926-__main__-26-INFO-The Medtek HR is Started
2023-03-28 12:36:57,314-__main__-120-INFO-djjjdhjdjk<<<<< Inside Predict HR API POST>>>>>>>>
2023-03-28 12:43:00,708-__main__-26-INFO-The Medtek HR is Started
2023-03-28 12:43:18,027-__main__-26-INFO-The Medtek HR is Started
2023-03-28 12:43:20,101-__main__-26-INFO-The Medtek HR is Started
2023-03-28 12:43:27,794-__main__-120-INFO-djjjdhjdjk<<<<< Inside Predict HR API POST>>>>>>>>
2023-03-28 12:43:27,794-__main__-51-INFO-Final Response from HR model: {'data': None, 'message': 'Oops Something Went Wrong', 'status': False, 'error_code': 'DLI_020'}
2023-03-28 12:44:23,327-__main__-9-INFO-The Medtek HR is Started
2023-03-28 12:47:12,163-__main__-26-INFO-The Medtek HR is Started
2023-03-28 12:47:12,637-__main__-120-INFO-djjjdhjdjk<<<<< Inside Predict HR API POST>>>>>>>>
2023-03-28 12:47:12,637-__main__-51-INFO-Final Response from HR model: {'data': None, 'message': 'Oops Something Went Wrong', 'status': False, 'error_code': 'DLI_020'}
2023-03-28 12:47:25,551-__main__-26-INFO-The Medtek HR is Started
2023-03-28 12:47:27,692-__main__-26-INFO-The Medtek HR is Started
2023-03-28 12:47:47,322-__main__-120-INFO-djjjdhjdjk<<<<< Inside Predict HR API POST>>>>>>>>
2023-03-28 12:47:47,322-__main__-51-INFO-Final Response from HR model: {'data': None, 'message': 'Oops Something Went Wrong', 'status': False, 'error_code': 'DLI_020'}
2023-03-28 12:47:51,710-__main__-120-INFO-djjjdhjdjk<<<<< Inside Predict HR API POST>>>>>>>>
2023-03-28 12:47:51,711-__main__-51-INFO-Final Response from HR model: {'data': None, 'message': 'Oops Something Went Wrong', 'status': False, 'error_code': 'DLI_020'}
2023-03-28 12:50:29,288-__main__-120-INFO-djjjdhjdjk<<<<< Inside Predict HR API POST>>>>>>>>
2023-03-28 12:50:29,304-__main__-51-INFO-Final Response from HR model: {'data': None, 'message': 'Oops Something Went Wrong', 'status': False, 'error_code': 'DLI_020'}
2023-03-28 12:50:31,631-__main__-120-INFO-djjjdhjdjk<<<<< Inside Predict HR API POST>>>>>>>>
2023-03-28 12:50:31,631-__main__-51-INFO-Final Response from HR model: {'data': None, 'message': 'Oops Something Went Wrong', 'status': False, 'error_code': 'DLI_020'}
2023-03-28 12:51:54,937-__main__-26-INFO-The Medtek HR is Started
2023-03-28 12:52:09,417-__main__-26-INFO-The Medtek HR is Started
2023-03-28 12:52:11,779-__main__-26-INFO-The Medtek HR is Started
2023-03-28 12:52:14,095-__main__-114-INFO-djjjdhjdjk<<<<< Inside Predict HR API POST>>>>>>>>
2023-03-28 12:52:14,095-__main__-51-INFO-Final Response from HR model: {'data': None, 'message': 'Oops Something Went Wrong', 'status': False, 'error_code': 'DLI_020'}
2023-03-28 12:52:15,836-__main__-114-INFO-djjjdhjdjk<<<<< Inside Predict HR API POST>>>>>>>>
2023-03-28 12:52:15,836-__main__-51-INFO-Final Response from HR model: {'data': None, 'message': 'Oops Something Went Wrong', 'status': False, 'error_code': 'DLI_020'}
2023-03-28 12:55:01,023-__main__-114-INFO-djjjdhjdjk<<<<< Inside Predict HR API POST>>>>>>>>
2023-03-28 12:55:01,023-__main__-51-INFO-Final Response from HR model: {'data': None, 'message': 'Oops Something Went Wrong', 'status': False, 'error_code': 'DLI_020'}
2023-03-28 12:55:13,783-__main__-114-INFO-djjjdhjdjk<<<<< Inside Predict HR API POST>>>>>>>>
2023-03-28 12:55:13,785-__main__-51-INFO-Final Response from HR model: {'data': None, 'message': 'Oops Something Went Wrong', 'status': False, 'error_code': 'DLI_020'}
2023-03-28 12:55:52,876-__main__-114-INFO-djjjdhjdjk<<<<< Inside Predict HR API POST>>>>>>>>
2023-03-28 12:55:52,876-__main__-51-INFO-Final Response from HR model: {'data': None, 'message': 'Oops Something Went Wrong', 'status': False, 'error_code': 'DLI_020'}
2023-03-28 12:56:30,666-__main__-114-INFO-djjjdhjdjk<<<<< Inside Predict HR API POST>>>>>>>>
2023-03-28 12:56:30,666-__main__-51-INFO-Final Response from HR model: {'data': None, 'message': 'Oops Something Went Wrong', 'status': False, 'error_code': 'DLI_020'}
2023-03-28 13:10:53,846-__main__-26-INFO-The Medtek HR is Started
2023-03-28 13:10:55,874-__main__-26-INFO-The Medtek HR is Started
2023-03-28 13:11:40,176-__main__-120-INFO-djjjdhjdjk<<<<< Inside Predict HR API POST>>>>>>>>
2023-03-28 13:11:40,177-__main__-51-INFO-Final Response from HR model: {'data': None, 'message': 'Oops Something Went Wrong', 'status': False, 'error_code': 'DLI_020'}
2023-03-28 13:12:55,161-__main__-26-INFO-The Medtek HR is Started
2023-03-28 13:13:16,519-__main__-26-INFO-The Medtek HR is Started
2023-03-28 13:13:18,469-__main__-26-INFO-The Medtek HR is Started
2023-03-28 13:13:28,199-__main__-26-INFO-The Medtek HR is Started
2023-03-28 13:13:30,128-__main__-26-INFO-The Medtek HR is Started
2023-03-28 13:14:01,532-__main__-120-INFO-"hhggh"<<<<< Inside Predict HR API POST>>>>>>>>
2023-03-28 13:14:01,533-__main__-51-INFO-Final Response from HR model: {'data': None, 'message': 'Oops Something Went Wrong', 'status': False, 'error_code': 'DLI_020'}
2023-03-28 13:14:10,300-__main__-120-INFO-"hhggh"<<<<< Inside Predict HR API POST>>>>>>>>
2023-03-28 13:14:10,300-__main__-51-INFO-Final Response from HR model: {'data': None, 'message': 'Oops Something Went Wrong', 'status': False, 'error_code': 'DLI_020'}
2023-03-28 13:15:37,865-__main__-26-INFO-The Medtek HR is Started
2023-03-28 13:15:44,297-__main__-120-INFO-"hhggh"<<<<< Inside Predict HR API POST>>>>>>>>
2023-03-28 13:15:44,297-__main__-124-INFO-Inside POST
2023-03-28 13:15:44,297-__main__-129-INFO-ImmutableMultiDict([('video_file', <FileStorage: 'aakash.mp4' ('video/mp4')>)])
2023-03-28 13:15:44,297-__main__-132-INFO-<FileStorage: 'aakash.mp4' ('video/mp4')>
2023-03-28 13:15:44,297-__main__-102-INFO-<FileStorage: 'aakash.mp4' ('video/mp4')>
2023-03-28 13:15:44,297-__main__-135-INFO-"hhggh"live video save to path - uploads\aakash.mp4
2023-03-28 13:16:15,528-__main__-95-INFO-HR: 77.83783783783784
2023-03-28 13:16:16,140-__main__-51-INFO-Final Response from HR model: {'data': {'hr_values': {'HR': 78}}, 'message': 'Heart Rate values Calculated Sucessfully', 'status': True, 'status_code': '200'}
2023-03-28 13:21:42,033-__main__-120-INFO-"hhggh"<<<<< Inside Predict HR API POST>>>>>>>>
2023-03-28 13:21:42,034-__main__-124-INFO-Inside POST
2023-03-28 13:21:42,034-__main__-129-INFO-ImmutableMultiDict([('video_file', <FileStorage: 'rohin_active.mov' ('video/quicktime')>)])
2023-03-28 13:21:42,034-__main__-132-INFO-<FileStorage: 'rohin_active.mov' ('video/quicktime')>
2023-03-28 13:21:42,034-__main__-102-INFO-<FileStorage: 'rohin_active.mov' ('video/quicktime')>
2023-03-28 13:21:42,064-__main__-135-INFO-"hhggh"live video save to path - uploads\rohin_active.mov
2023-03-28 13:22:21,756-__main__-95-INFO-HR: 62.30031948881789
2023-03-28 13:22:22,625-__main__-51-INFO-Final Response from HR model: {'data': {'hr_values': {'HR': 62}}, 'message': 'Heart Rate values Calculated Sucessfully', 'status': True, 'status_code': '200'}
